14:22:02 **** Rebuild of configuration Debug for project RobotCodeMain ****
Info: Internal Builder is used for build
arm-frc-linux-gnueabi-g++ -std=c++1y "-IC:\\Users\\1750800404/wpilib/cpp/current/include" "-IC:\\Users\\1750800404\\Robotics\\C++\\workspace_C++\\RobotCodeMain\\src" -O0 -g3 -Wall -c -fmessage-length=0 -std=c++14 -o "src\\Auto.o" "..\\src\\Auto.cpp" 
arm-frc-linux-gnueabi-g++ -std=c++1y "-IC:\\Users\\1750800404/wpilib/cpp/current/include" "-IC:\\Users\\1750800404\\Robotics\\C++\\workspace_C++\\RobotCodeMain\\src" -O0 -g3 -Wall -c -fmessage-length=0 -std=c++14 -o "src\\TeleopControl.o" "..\\src\\TeleopControl.cpp" 
arm-frc-linux-gnueabi-g++ -std=c++1y "-IC:\\Users\\1750800404/wpilib/cpp/current/include" "-IC:\\Users\\1750800404\\Robotics\\C++\\workspace_C++\\RobotCodeMain\\src" -O0 -g3 -Wall -c -fmessage-length=0 -std=c++14 -o "src\\DriveSystem.o" "..\\src\\DriveSystem.cpp" 
arm-frc-linux-gnueabi-g++ -std=c++1y "-IC:\\Users\\1750800404/wpilib/cpp/current/include" "-IC:\\Users\\1750800404\\Robotics\\C++\\workspace_C++\\RobotCodeMain\\src" -O0 -g3 -Wall -c -fmessage-length=0 -std=c++14 -o "src\\Defense.o" "..\\src\\Defense.cpp" 
arm-frc-linux-gnueabi-g++ -std=c++1y "-IC:\\Users\\1750800404/wpilib/cpp/current/include" "-IC:\\Users\\1750800404\\Robotics\\C++\\workspace_C++\\RobotCodeMain\\src" -O0 -g3 -Wall -c -fmessage-length=0 -std=c++14 -o "src\\Shooter.o" "..\\src\\Shooter.cpp" 
arm-frc-linux-gnueabi-g++ -std=c++1y "-IC:\\Users\\1750800404/wpilib/cpp/current/include" "-IC:\\Users\\1750800404\\Robotics\\C++\\workspace_C++\\RobotCodeMain\\src" -O0 -g3 -Wall -c -fmessage-length=0 -std=c++14 -o "src\\Robot.o" "..\\src\\Robot.cpp" 
arm-frc-linux-gnueabi-g++ "-LC:\\Users\\1750800404/wpilib/cpp/current/lib" -Wl,-rpath,/opt/GenICam_v2_3/bin/Linux_armv7-a,-rpath,/usr/local/frc/rpath-lib -o FRCUserProgram "src\\Auto.o" "src\\Defense.o" "src\\DriveSystem.o" "src\\Robot.o" "src\\Shooter.o" "src\\TeleopControl.o" -lwpi 
20:09:46 **** Incremental Build of configuration Debug for project RobotCodeMain ****
Info: Internal Builder is used for build
arm-frc-linux-gnueabi-g++ -std=c++1y "-IC:\\Users\\1750800404/wpilib/cpp/current/include" "-IC:\\Users\\1750800404\\Robotics\\C++\\workspace_C++\\RobotCodeMain\\src" -O0 -g3 -Wall -c -fmessage-length=0 -std=c++14 -o "src\\TeleopControl.o" "..\\src\\TeleopControl.cpp" 
In file included from ..\src\TeleopControl.cpp:8:0:
..\src\TeleopControl.h:30:2: error: 'JoystickButton' does not name a type
  JoystickButton *aButton;
  ^
..\src\TeleopControl.h:31:2: error: 'JoystickButton' does not name a type
  JoystickButton *bButton;
  ^
..\src\TeleopControl.h:33:2: error: 'JoystickButton' does not name a type
  JoystickButton *lStickButton;
  ^
..\src\TeleopControl.h:34:2: error: 'JoystickButton' does not name a type
  JoystickButton *rStickButton;
  ^
..\src\TeleopControl.cpp: In constructor 'TeleopControl::TeleopControl()':
..\src\TeleopControl.cpp:29:2: error: 'aButton' was not declared in this scope
  aButton = new JoystickButton(0);
  ^
..\src\TeleopControl.cpp:29:16: error: expected type-specifier before 'JoystickButton'
  aButton = new JoystickButton(0);
                ^
..\src\TeleopControl.cpp:30:2: error: 'bButton' was not declared in this scope
  bButton = new JoystickButton(1);
  ^
..\src\TeleopControl.cpp:30:16: error: expected type-specifier before 'JoystickButton'
  bButton = new JoystickButton(1);
                ^
..\src\TeleopControl.cpp:31:2: error: 'lStickButton' was not declared in this scope
  lStickButton = new JoystickButton(8);
  ^
..\src\TeleopControl.cpp:31:21: error: expected type-specifier before 'JoystickButton'
  lStickButton = new JoystickButton(8);
                     ^
..\src\TeleopControl.cpp:32:2: error: 'rStickButton' was not declared in this scope
  rStickButton = new JoystickButton(9);
  ^
..\src\TeleopControl.cpp:32:21: error: expected type-specifier before 'JoystickButton'
  rStickButton = new JoystickButton(9);
                     ^
..\src\TeleopControl.cpp: In destructor 'TeleopControl::~TeleopControl()':
..\src\TeleopControl.cpp:45:9: error: 'aButton' was not declared in this scope
  delete aButton;
         ^
..\src\TeleopControl.cpp:46:9: error: 'bButton' was not declared in this scope
  delete bButton;
         ^
..\src\TeleopControl.cpp:47:9: error: 'lStickButton' was not declared in this scope
  delete lStickButton;
         ^
..\src\TeleopControl.cpp:48:9: error: 'rStickButton' was not declared in this scope
  delete rStickButton;
         ^
In file included from ..\src\TeleopControl.h:12:0,
                 from ..\src\TeleopControl.cpp:8:
C:\Users\1750800404/wpilib/cpp/current/include/SmartDashboard/SmartDashboard.h:41:11: error: 'virtual SmartDashboard::~SmartDashboard()' is private
   virtual ~SmartDashboard() = default;
           ^
..\src\TeleopControl.cpp:51:9: error: within this context
  delete dash;
         ^
..\src\TeleopControl.cpp: In member function 'void TeleopControl::ButtonControl()':
..\src\TeleopControl.cpp:89:6: error: 'lStickButton' was not declared in this scope
  if((lStickButton->Get() || rStickButton->Get()) && drive->casterLow == false){
      ^
..\src\TeleopControl.cpp:89:29: error: 'rStickButton' was not declared in this scope
  if((lStickButton->Get() || rStickButton->Get()) && drive->casterLow == false){
                             ^
..\src\TeleopControl.cpp:101:5: error: 'aButton' was not declared in this scope
  if(aButton->Get()){
     ^
..\src\TeleopControl.cpp:105:5: error: 'bButton' was not declared in this scope
  if(bButton->Get()){
     ^
20:10:45 **** Incremental Build of configuration Debug for project RobotCodeMain ****
Info: Internal Builder is used for build
arm-frc-linux-gnueabi-g++ -std=c++1y "-IC:\\Users\\1750800404/wpilib/cpp/current/include" "-IC:\\Users\\1750800404\\Robotics\\C++\\workspace_C++\\RobotCodeMain\\src" -O0 -g3 -Wall -c -fmessage-length=0 -std=c++14 -o "src\\DriveSystem.o" "..\\src\\DriveSystem.cpp" 
arm-frc-linux-gnueabi-g++ -std=c++1y "-IC:\\Users\\1750800404/wpilib/cpp/current/include" "-IC:\\Users\\1750800404\\Robotics\\C++\\workspace_C++\\RobotCodeMain\\src" -O0 -g3 -Wall -c -fmessage-length=0 -std=c++14 -o "src\\TeleopControl.o" "..\\src\\TeleopControl.cpp" 
..\src\TeleopControl.cpp: In constructor 'TeleopControl::TeleopControl()':
..\src\TeleopControl.cpp:29:32: error: no matching function for call to 'JoystickButton::JoystickButton(int)'
  aButton = new JoystickButton(0);
                                ^
..\src\TeleopControl.cpp:29:32: note: candidates are:
In file included from ..\src\TeleopControl.h:12:0,
                 from ..\src\TeleopControl.cpp:8:
C:\Users\1750800404/wpilib/cpp/current/include/Buttons/JoystickButton.h:16:3: note: JoystickButton::JoystickButton(GenericHID*, int)
   JoystickButton(GenericHID *joystick, int buttonNumber);
   ^
C:\Users\1750800404/wpilib/cpp/current/include/Buttons/JoystickButton.h:16:3: note:   candidate expects 2 arguments, 1 provided
C:\Users\1750800404/wpilib/cpp/current/include/Buttons/JoystickButton.h:14:7: note: JoystickButton::JoystickButton(const JoystickButton&)
 class JoystickButton : public Button {
       ^
C:\Users\1750800404/wpilib/cpp/current/include/Buttons/JoystickButton.h:14:7: note:   no known conversion for argument 1 from 'int' to 'const JoystickButton&'
..\src\TeleopControl.cpp:30:32: error: no matching function for call to 'JoystickButton::JoystickButton(int)'
  bButton = new JoystickButton(1);
                                ^
..\src\TeleopControl.cpp:30:32: note: candidates are:
In file included from ..\src\TeleopControl.h:12:0,
                 from ..\src\TeleopControl.cpp:8:
C:\Users\1750800404/wpilib/cpp/current/include/Buttons/JoystickButton.h:16:3: note: JoystickButton::JoystickButton(GenericHID*, int)
   JoystickButton(GenericHID *joystick, int buttonNumber);
   ^
C:\Users\1750800404/wpilib/cpp/current/include/Buttons/JoystickButton.h:16:3: note:   candidate expects 2 arguments, 1 provided
C:\Users\1750800404/wpilib/cpp/current/include/Buttons/JoystickButton.h:14:7: note: JoystickButton::JoystickButton(const JoystickButton&)
 class JoystickButton : public Button {
       ^
C:\Users\1750800404/wpilib/cpp/current/include/Buttons/JoystickButton.h:14:7: note:   no known conversion for argument 1 from 'int' to 'const JoystickButton&'
..\src\TeleopControl.cpp:31:37: error: no matching function for call to 'JoystickButton::JoystickButton(int)'
  lStickButton = new JoystickButton(8);
                                     ^
..\src\TeleopControl.cpp:31:37: note: candidates are:
In file included from ..\src\TeleopControl.h:12:0,
                 from ..\src\TeleopControl.cpp:8:
C:\Users\1750800404/wpilib/cpp/current/include/Buttons/JoystickButton.h:16:3: note: JoystickButton::JoystickButton(GenericHID*, int)
   JoystickButton(GenericHID *joystick, int buttonNumber);
   ^
C:\Users\1750800404/wpilib/cpp/current/include/Buttons/JoystickButton.h:16:3: note:   candidate expects 2 arguments, 1 provided
C:\Users\1750800404/wpilib/cpp/current/include/Buttons/JoystickButton.h:14:7: note: JoystickButton::JoystickButton(const JoystickButton&)
 class JoystickButton : public Button {
       ^
C:\Users\1750800404/wpilib/cpp/current/include/Buttons/JoystickButton.h:14:7: note:   no known conversion for argument 1 from 'int' to 'const JoystickButton&'
..\src\TeleopControl.cpp:32:37: error: no matching function for call to 'JoystickButton::JoystickButton(int)'
  rStickButton = new JoystickButton(9);
                                     ^
..\src\TeleopControl.cpp:32:37: note: candidates are:
In file included from ..\src\TeleopControl.h:12:0,
                 from ..\src\TeleopControl.cpp:8:
C:\Users\1750800404/wpilib/cpp/current/include/Buttons/JoystickButton.h:16:3: note: JoystickButton::JoystickButton(GenericHID*, int)
   JoystickButton(GenericHID *joystick, int buttonNumber);
   ^
C:\Users\1750800404/wpilib/cpp/current/include/Buttons/JoystickButton.h:16:3: note:   candidate expects 2 arguments, 1 provided
C:\Users\1750800404/wpilib/cpp/current/include/Buttons/JoystickButton.h:14:7: note: JoystickButton::JoystickButton(const JoystickButton&)
 class JoystickButton : public Button {
       ^
C:\Users\1750800404/wpilib/cpp/current/include/Buttons/JoystickButton.h:14:7: note:   no known conversion for argument 1 from 'int' to 'const JoystickButton&'
In file included from ..\src\TeleopControl.h:13:0,
                 from ..\src\TeleopControl.cpp:8:
C:\Users\1750800404/wpilib/cpp/current/include/SmartDashboard/SmartDashboard.h: In destructor 'TeleopControl::~TeleopControl()':
C:\Users\1750800404/wpilib/cpp/current/include/SmartDashboard/SmartDashboard.h:41:11: error: 'virtual SmartDashboard::~SmartDashboard()' is private
   virtual ~SmartDashboard() = default;
           ^
..\src\TeleopControl.cpp:51:9: error: within this context
  delete dash;
         ^
20:11:57 **** Incremental Build of configuration Debug for project RobotCodeMain ****
Info: Internal Builder is used for build
arm-frc-linux-gnueabi-g++ -std=c++1y "-IC:\\Users\\1750800404/wpilib/cpp/current/include" "-IC:\\Users\\1750800404\\Robotics\\C++\\workspace_C++\\RobotCodeMain\\src" -O0 -g3 -Wall -c -fmessage-length=0 -std=c++14 -o "src\\Auto.o" "..\\src\\Auto.cpp" 
..\src\Auto.cpp:1:1: error: 'Auto' does not name a type
 Auto::Auto(){
 ^
..\src\Auto.cpp:12:1: error: 'Auto' does not name a type
 Auto::Auto(int mode_, int pos_){
 ^
..\src\Auto.cpp:26:1: error: 'Auto' does not name a type
 Auto::~Auto(){
 ^
..\src\Auto.cpp:31:6: error: 'Auto' has not been declared
 void Auto::InternalAutonChooser(){
      ^
..\src\Auto.cpp: In function 'void InternalAutonChooser()':
..\src\Auto.cpp:32:5: error: 'mode' was not declared in this scope
  if(mode == AutonMode::ARM){
     ^
..\src\Auto.cpp:32:13: error: 'AutonMode' has not been declared
  if(mode == AutonMode::ARM){
             ^
..\src\Auto.cpp:33:18: error: 'ArmWallCrosser' was not declared in this scope
   ArmWallCrosser();
                  ^
..\src\Auto.cpp:34:19: error: 'AutonMode' has not been declared
  }else if(mode == AutonMode::TERRAIN){
                   ^
..\src\Auto.cpp:35:18: error: 'TerrainCrosser' was not declared in this scope
   TerrainCrosser();
                  ^
..\src\Auto.cpp:37:12: error: 'Wait' was not declared in this scope
   Wait(15.0); //you've done goofed up
            ^
..\src\Auto.cpp: At global scope:
..\src\Auto.cpp:42:6: error: 'Auto' has not been declared
 void Auto::ArmWallCrosser(){
      ^
..\src\Auto.cpp:47:6: error: 'Auto' has not been declared
 void Auto::TerrainCrosser(){
      ^
..\src\Auto.cpp:52:6: error: 'Auto' has not been declared
 void Auto::SetUpToShoot(){
      ^
..\src\Auto.cpp: In function 'void SetUpToShoot()':
..\src\Auto.cpp:53:10: error: 'Wait' was not declared in this scope
  Wait(0.1);
          ^
..\src\Auto.cpp:54:2: error: 'sys' was not declared in this scope
  sys->LowerCasters();
  ^
..\src\Auto.cpp:56:5: error: 'sho' was not declared in this scope
  if(sho->DetectBall()){
     ^
..\src\Auto.cpp:57:10: error: 'targetAcquired' was not declared in this scope
   while(!targetAcquired){
          ^
..\src\Auto.cpp:58:7: error: 'pos' was not declared in this scope
    if(pos == AutonPos::LEFT){
       ^
..\src\Auto.cpp:58:14: error: 'AutonPos' has not been declared
    if(pos == AutonPos::LEFT){
              ^
..\src\Auto.cpp:60:12: error: 'Vision' was not declared in this scope
     Vision(); //dummy vision
            ^
..\src\Auto.cpp:62:20: error: 'AutonPos' has not been declared
    }else if(pos == AutonPos::RIGHT){
                    ^
..\src\Auto.cpp:64:12: error: 'Vision' was not declared in this scope
     Vision();
            ^
..\src\Auto.cpp:75:5: error: 'pos' was not declared in this scope
  if(pos == AutonPos::NULL_){
     ^
..\src\Auto.cpp:75:12: error: 'AutonPos' has not been declared
  if(pos == AutonPos::NULL_){
            ^
..\src\Auto.cpp:78:2: error: 'sho' was not declared in this scope
  sho->Raise(0.25);
  ^
..\src\Auto.cpp: At global scope:
..\src\Auto.cpp:82:6: error: 'Auto' has not been declared
 void Auto::Shoot(){
      ^
..\src\Auto.cpp: In function 'void Shoot()':
..\src\Auto.cpp:83:2: error: 'sho' was not declared in this scope
  sho->Shoot(5000, 5000);
  ^
..\src\Auto.cpp: At global scope:
..\src\Auto.cpp:87:6: error: 'Auto' has not been declared
 bool Auto::Vision(){
      ^
..\src\Auto.cpp: In function 'bool Vision()':
..\src\Auto.cpp:89:3: error: 'targetAcquired' was not declared in this scope
   targetAcquired = true;
   ^
..\src\Auto.cpp:91:9: error: 'targetAcquired' was not declared in this scope
  return targetAcquired;
         ^
..\src\Auto.cpp:92:1: warning: control reaches end of non-void function [-Wreturn-type]
 }
 ^
20:12:28 **** Incremental Build of configuration Debug for project RobotCodeMain ****
Info: Internal Builder is used for build
arm-frc-linux-gnueabi-g++ -std=c++1y "-IC:\\Users\\1750800404/wpilib/cpp/current/include" "-IC:\\Users\\1750800404\\Robotics\\C++\\workspace_C++\\RobotCodeMain\\src" -O0 -g3 -Wall -c -fmessage-length=0 -std=c++14 -o "src\\TeleopControl.o" "..\\src\\TeleopControl.cpp" 
arm-frc-linux-gnueabi-g++ -std=c++1y "-IC:\\Users\\1750800404/wpilib/cpp/current/include" "-IC:\\Users\\1750800404\\Robotics\\C++\\workspace_C++\\RobotCodeMain\\src" -O0 -g3 -Wall -c -fmessage-length=0 -std=c++14 -o "src\\Shooter.o" "..\\src\\Shooter.cpp" 
arm-frc-linux-gnueabi-g++ -std=c++1y "-IC:\\Users\\1750800404/wpilib/cpp/current/include" "-IC:\\Users\\1750800404\\Robotics\\C++\\workspace_C++\\RobotCodeMain\\src" -O0 -g3 -Wall -c -fmessage-length=0 -std=c++14 -o "src\\Auto.o" "..\\src\\Auto.cpp" 
In file included from ..\src\Auto.cpp:1:0:
..\src\Auto.h:16:31: error: redeclaration of 'NONE'
  enum AutonMode{TERRAIN, ARM, NONE};
                               ^
..\src\Auto.h:15:29: note: previous declaration 'Auto::AutonPos NONE'
  enum AutonPos{LEFT, RIGHT, NONE};
                             ^
..\src\Auto.cpp: In constructor 'Auto::Auto(int, int)':
..\src\Auto.cpp:18:7: error: invalid conversion from 'int' to 'Auto::AutonMode' [-fpermissive]
  mode = mode_;
       ^
..\src\Auto.cpp:19:6: error: invalid conversion from 'int' to 'Auto::AutonPos' [-fpermissive]
  pos = pos_;
      ^
..\src\Auto.cpp: In member function 'void Auto::SetUpToShoot()':
..\src\Auto.cpp:77:12: error: 'NULL_' is not a member of 'Auto::AutonPos'
  if(pos == AutonPos::NULL_){
            ^
20:16:29 **** Incremental Build of configuration Debug for project RobotCodeMain ****
Info: Internal Builder is used for build
arm-frc-linux-gnueabi-g++ -std=c++1y "-IC:\\Users\\1750800404/wpilib/cpp/current/include" "-IC:\\Users\\1750800404\\Robotics\\C++\\workspace_C++\\RobotCodeMain\\src" -O0 -g3 -Wall -c -fmessage-length=0 -std=c++14 -o "src\\Auto.o" "..\\src\\Auto.cpp" 
In file included from ..\src\Auto.cpp:1:0:
..\src\Auto.h:16:31: error: redeclaration of 'NONE'
  enum AutonMode{TERRAIN, ARM, NONE}; //Can't have two enum values as NONE
                               ^
..\src\Auto.h:15:29: note: previous declaration 'Auto::AutonPos NONE'
  enum AutonPos{LEFT, RIGHT, NONE};
                             ^
..\src\Auto.cpp: In constructor 'Auto::Auto(int, int)':
..\src\Auto.cpp:18:7: error: invalid conversion from 'int' to 'Auto::AutonMode' [-fpermissive]
  mode = mode_;
       ^
..\src\Auto.cpp:19:6: error: invalid conversion from 'int' to 'Auto::AutonPos' [-fpermissive]
  pos = pos_;
      ^
In file included from c:\frc\arm-frc-linux-gnueabi\include\c++\4.9.3\cstddef:45:0,
                 from C:\Users\1750800404/wpilib/cpp/current/include/llvm/AlignOf.h:18,
                 from C:\Users\1750800404/wpilib/cpp/current/include/llvm/SmallVector.h:18,
                 from C:\Users\1750800404/wpilib/cpp/current/include/llvm/ArrayRef.h:14,
                 from C:\Users\1750800404/wpilib/cpp/current/include/nt_Value.h:17,
                 from C:\Users\1750800404/wpilib/cpp/current/include/tables/ITable.h:14,
                 from C:\Users\1750800404/wpilib/cpp/current/include/SmartDashboard/Sendable.h:13,
                 from C:\Users\1750800404/wpilib/cpp/current/include/LiveWindow/LiveWindowSendable.h:11,
                 from C:\Users\1750800404/wpilib/cpp/current/include/PWM.h:11,
                 from C:\Users\1750800404/wpilib/cpp/current/include/SafePWM.h:11,
                 from C:\Users\1750800404/wpilib/cpp/current/include/CANTalon.h:10,
                 from ..\src\Shooter.h:11,
                 from ..\src\Auto.h:4,
                 from ..\src\Auto.cpp:1:
..\src\Auto.cpp: In member function 'void Auto::SetUpToShoot()':
..\src\Auto.cpp:77:22: error: expected unqualified-id before '__null'
  if(pos == AutonPos::NULL){
                      ^
..\src\Auto.cpp:77:22: error: expected ')' before '__null'
20:18:38 **** Incremental Build of configuration Debug for project RobotCodeMain ****
Info: Internal Builder is used for build
arm-frc-linux-gnueabi-g++ -std=c++1y "-IC:\\Users\\1750800404/wpilib/cpp/current/include" "-IC:\\Users\\1750800404\\Robotics\\C++\\workspace_C++\\RobotCodeMain\\src" -O0 -g3 -Wall -c -fmessage-length=0 -std=c++14 -o "src\\Auto.o" "..\\src\\Auto.cpp" 
..\src\Auto.cpp: In constructor 'Auto::Auto()':
..\src\Auto.cpp:8:9: error: 'NONE' is not a member of 'Auto::AutonMode'
  mode = AutonMode::NONE;
         ^
..\src\Auto.cpp: In constructor 'Auto::Auto(int, int)':
..\src\Auto.cpp:18:7: error: invalid conversion from 'int' to 'Auto::AutonMode' [-fpermissive]
  mode = mode_;
       ^
..\src\Auto.cpp:19:6: error: invalid conversion from 'int' to 'Auto::AutonPos' [-fpermissive]
  pos = pos_;
      ^
In file included from c:\frc\arm-frc-linux-gnueabi\include\c++\4.9.3\cstddef:45:0,
                 from C:\Users\1750800404/wpilib/cpp/current/include/llvm/AlignOf.h:18,
                 from C:\Users\1750800404/wpilib/cpp/current/include/llvm/SmallVector.h:18,
                 from C:\Users\1750800404/wpilib/cpp/current/include/llvm/ArrayRef.h:14,
                 from C:\Users\1750800404/wpilib/cpp/current/include/nt_Value.h:17,
                 from C:\Users\1750800404/wpilib/cpp/current/include/tables/ITable.h:14,
                 from C:\Users\1750800404/wpilib/cpp/current/include/SmartDashboard/Sendable.h:13,
                 from C:\Users\1750800404/wpilib/cpp/current/include/LiveWindow/LiveWindowSendable.h:11,
                 from C:\Users\1750800404/wpilib/cpp/current/include/PWM.h:11,
                 from C:\Users\1750800404/wpilib/cpp/current/include/SafePWM.h:11,
                 from C:\Users\1750800404/wpilib/cpp/current/include/CANTalon.h:10,
                 from ..\src\Shooter.h:11,
                 from ..\src\Auto.h:4,
                 from ..\src\Auto.cpp:1:
..\src\Auto.cpp: In member function 'void Auto::SetUpToShoot()':
..\src\Auto.cpp:77:22: error: expected unqualified-id before '__null'
  if(pos == AutonPos::NULL){
                      ^
..\src\Auto.cpp:77:22: error: expected ')' before '__null'
20:19:43 **** Incremental Build of configuration Debug for project RobotCodeMain ****
Info: Internal Builder is used for build
arm-frc-linux-gnueabi-g++ -std=c++1y "-IC:\\Users\\1750800404/wpilib/cpp/current/include" "-IC:\\Users\\1750800404\\Robotics\\C++\\workspace_C++\\RobotCodeMain\\src" -O0 -g3 -Wall -c -fmessage-length=0 -std=c++14 -o "src\\Auto.o" "..\\src\\Auto.cpp" 
In file included from ..\src\Auto.cpp:1:0:
..\src\Auto.h:16:31: error: redeclaration of 'NONE'
  enum AutonMode{TERRAIN, ARM, NONE}; //Can't have two enum values as NONE
                               ^
..\src\Auto.h:15:29: note: previous declaration 'Auto::AutonPos NONE'
  enum AutonPos{LEFT, RIGHT, NONE};
                             ^
..\src\Auto.cpp: In constructor 'Auto::Auto(int, int)':
..\src\Auto.cpp:18:7: error: invalid conversion from 'int' to 'Auto::AutonMode' [-fpermissive]
  mode = mode_;
       ^
..\src\Auto.cpp:19:6: error: invalid conversion from 'int' to 'Auto::AutonPos' [-fpermissive]
  pos = pos_;
      ^
In file included from c:\frc\arm-frc-linux-gnueabi\include\c++\4.9.3\cstddef:45:0,
                 from C:\Users\1750800404/wpilib/cpp/current/include/llvm/AlignOf.h:18,
                 from C:\Users\1750800404/wpilib/cpp/current/include/llvm/SmallVector.h:18,
                 from C:\Users\1750800404/wpilib/cpp/current/include/llvm/ArrayRef.h:14,
                 from C:\Users\1750800404/wpilib/cpp/current/include/nt_Value.h:17,
                 from C:\Users\1750800404/wpilib/cpp/current/include/tables/ITable.h:14,
                 from C:\Users\1750800404/wpilib/cpp/current/include/SmartDashboard/Sendable.h:13,
                 from C:\Users\1750800404/wpilib/cpp/current/include/LiveWindow/LiveWindowSendable.h:11,
                 from C:\Users\1750800404/wpilib/cpp/current/include/PWM.h:11,
                 from C:\Users\1750800404/wpilib/cpp/current/include/SafePWM.h:11,
                 from C:\Users\1750800404/wpilib/cpp/current/include/CANTalon.h:10,
                 from ..\src\Shooter.h:11,
                 from ..\src\Auto.h:4,
                 from ..\src\Auto.cpp:1:
..\src\Auto.cpp: In member function 'void Auto::SetUpToShoot()':
..\src\Auto.cpp:77:22: error: expected unqualified-id before '__null'
  if(pos == AutonPos::NULL){
                      ^
..\src\Auto.cpp:77:22: error: expected ')' before '__null'
20:20:53 **** Incremental Build of configuration Debug for project RobotCodeMain ****
Info: Internal Builder is used for build
arm-frc-linux-gnueabi-g++ -std=c++1y "-IC:\\Users\\1750800404/wpilib/cpp/current/include" "-IC:\\Users\\1750800404\\Robotics\\C++\\workspace_C++\\RobotCodeMain\\src" -O0 -g3 -Wall -c -fmessage-length=0 -std=c++14 -o "src\\Auto.o" "..\\src\\Auto.cpp" 
..\src\Auto.cpp: In constructor 'Auto::Auto(int, int)':
..\src\Auto.cpp:18:7: error: invalid conversion from 'int' to 'Auto::AutonMode' [-fpermissive]
  mode = mode_;
       ^
..\src\Auto.cpp:19:6: error: invalid conversion from 'int' to 'Auto::AutonPos' [-fpermissive]
  pos = pos_;
      ^
In file included from c:\frc\arm-frc-linux-gnueabi\include\c++\4.9.3\cstddef:45:0,
                 from C:\Users\1750800404/wpilib/cpp/current/include/llvm/AlignOf.h:18,
                 from C:\Users\1750800404/wpilib/cpp/current/include/llvm/SmallVector.h:18,
                 from C:\Users\1750800404/wpilib/cpp/current/include/llvm/ArrayRef.h:14,
                 from C:\Users\1750800404/wpilib/cpp/current/include/nt_Value.h:17,
                 from C:\Users\1750800404/wpilib/cpp/current/include/tables/ITable.h:14,
                 from C:\Users\1750800404/wpilib/cpp/current/include/SmartDashboard/Sendable.h:13,
                 from C:\Users\1750800404/wpilib/cpp/current/include/LiveWindow/LiveWindowSendable.h:11,
                 from C:\Users\1750800404/wpilib/cpp/current/include/PWM.h:11,
                 from C:\Users\1750800404/wpilib/cpp/current/include/SafePWM.h:11,
                 from C:\Users\1750800404/wpilib/cpp/current/include/CANTalon.h:10,
                 from ..\src\Shooter.h:11,
                 from ..\src\Auto.h:4,
                 from ..\src\Auto.cpp:1:
..\src\Auto.cpp: In member function 'void Auto::SetUpToShoot()':
..\src\Auto.cpp:77:22: error: expected unqualified-id before '__null'
  if(pos == AutonPos::NULL){
                      ^
..\src\Auto.cpp:77:22: error: expected ')' before '__null'
20:22:13 **** Incremental Build of configuration Debug for project RobotCodeMain ****
Info: Internal Builder is used for build
arm-frc-linux-gnueabi-g++ -std=c++1y "-IC:\\Users\\1750800404/wpilib/cpp/current/include" "-IC:\\Users\\1750800404\\Robotics\\C++\\workspace_C++\\RobotCodeMain\\src" -O0 -g3 -Wall -c -fmessage-length=0 -std=c++14 -o "src\\Auto.o" "..\\src\\Auto.cpp" 
..\src\Auto.cpp: In constructor 'Auto::Auto(int, int)':
..\src\Auto.cpp:18:7: error: invalid conversion from 'int' to 'Auto::AutonMode' [-fpermissive]
  mode = mode_;
       ^
..\src\Auto.cpp:19:6: error: invalid conversion from 'int' to 'Auto::AutonPos' [-fpermissive]
  pos = pos_;
      ^
