10:31:00 **** Clean-only build of configuration Debug for project AnishTester ****
rm -rf src/Robot.d FRCUserProgram src/Robot.o 
Cannot run program "rm": Launching failed

Error: Program "rm" not found in PATH
PATH=[\usr\local\bin;C:/Program Files/Java/jre1.8.0_66/bin/client;C:/Program Files/Java/jre1.8.0_66/bin;C:/Program Files/Java/jre1.8.0_66/lib/i386;C:\ProgramData\Oracle\Java\javapath;C:\Program Files\Common Files\Microsoft Shared\Windows Live;C:\Windows\system32;C:\Windows;C:\Windows\System32\Wbem;C:\Windows\System32\WindowsPowerShell\v1.0\;C:\Program Files\QuickTime\QTSystem\;C:\Program Files\IVI Foundation\VISA\WinNT\Bin;C:\Program Files\Windows Live\Shared;C:\Program Files\WIDCOMM\Bluetooth Software\;C:\Program Files\Intel\OpenCL SDK\2.0\bin\x86;C:\MinGW\bin;C:\Program Files\Intel\OpenCL SDK\2.0\bin\x86;C:\Program Files\Skype\Phone\;C:\Program Files\Java\jdk1.8.0_66\bin;C:\Program Files\Java\jre1.8.0_66\bin ;C:\frc\bin;C:\ProgramData\1750800311\atom\bin;C:\Program Files\Java\jdk1.8.0_60\bin;C:\Program Files\Java\jdk1.8.0_60\bin;C:\MinGW\bin;C:\Program Files\GnuWin32\bin;C:\Program Files\Java\jre1.8.0_66\bin;C:\Program Files\Java\jdk1.8.0_66;C:\frc\bin;;C:\Program Files\eclipse]

10:31:01 **** Clean-only build of configuration Debug for project AnishTester ****
10:31:10 **** Rebuild of configuration Debug for project AnishTester ****
Info: Internal Builder is used for build
arm-frc-linux-gnueabi-g++ -std=c++1y "-IC:\\Users\\1750800311/wpilib/cpp/current/include" "-IC:\\Users\\1750800311\\Documents\\FRC Robotics Code\\2016-Official-Chong\\2016_official\\AnishTester\\src" -O0 -g3 -Wall -c -fmessage-length=0 -std=c++14 -o "src\\Robot.o" "..\\src\\Robot.cpp" 
arm-frc-linux-gnueabi-g++ "-LC:\\Users\\1750800311/wpilib/cpp/current/lib" -Wl,-rpath,/opt/GenICam_v2_3/bin/Linux_armv7-a,-rpath,/usr/local/frc/rpath-lib -o FRCUserProgram "src\\Robot.o" -lwpi 
Info: Nothing to build for AnishTester
Info: Nothing to build for AnishTester
13:27:37 **** Incremental Build of configuration Debug for project AnishTester ****
Info: Internal Builder is used for build
arm-frc-linux-gnueabi-g++ -std=c++1y "-IC:\\Users\\1750800311/wpilib/cpp/current/include" "-IC:\\Users\\1750800311\\Documents\\FRC Robotics Code\\2016-Official-Chong\\2016_official\\AnishTester\\src" -O0 -g3 -Wall -c -fmessage-length=0 -std=c++14 -o "src\\ImageProcess.o" "..\\src\\ImageProcess.cpp" 
In file included from ..\src\ImageProcess.cpp:8:0:
..\src\ImageProcess.h:29:2: error: 'Image' does not name a type
  Image *frame;
  ^
..\src\ImageProcess.h:30:2: error: 'Image' does not name a type
  Image *binaryFrame;
  ^
..\src\ImageProcess.h:32:2: error: 'ParticleFilterCriteria2' does not name a type
  ParticleFilterCriteria2 criteria[1];
  ^
..\src\ImageProcess.h:33:2: error: 'ParticleFilterOptions2' does not name a type
  ParticleFilterOptions2 filterOptions = {0,0,1,1};
  ^
..\src\ImageProcess.h:39:26: error: 'Image' has not been declared
  double computeDistance (Image *image, ParticleReport report);
                          ^
..\src\ImageProcess.cpp:39:39: error: 'double ImageProcess::computeDistance' is not a static member of 'class ImageProcess'
 double ImageProcess::computeDistance (Image *image, ParticleReport report) {
                                       ^
..\src\ImageProcess.cpp:39:39: error: 'Image' was not declared in this scope
..\src\ImageProcess.cpp:39:46: error: 'image' was not declared in this scope
 double ImageProcess::computeDistance (Image *image, ParticleReport report) {
                                              ^
..\src\ImageProcess.cpp:39:68: error: expected primary-expression before 'report'
 double ImageProcess::computeDistance (Image *image, ParticleReport report) {
                                                                    ^
..\src\ImageProcess.cpp:39:74: error: expression list treated as compound expression in initializer [-fpermissive]
 double ImageProcess::computeDistance (Image *image, ParticleReport report) {
                                                                          ^
..\src\ImageProcess.cpp:39:76: error: expected ',' or ';' before '{' token
 double ImageProcess::computeDistance (Image *image, ParticleReport report) {
                                                                            ^
13:29:16 **** Incremental Build of configuration Debug for project AnishTester ****
Info: Internal Builder is used for build
arm-frc-linux-gnueabi-g++ -std=c++1y "-IC:\\Users\\1750800311/wpilib/cpp/current/include" "-IC:\\Users\\1750800311\\Documents\\FRC Robotics Code\\2016-Official-Chong\\2016_official\\AnishTester\\src" -O0 -g3 -Wall -c -fmessage-length=0 -std=c++14 -o "src\\ImageProcess.o" "..\\src\\ImageProcess.cpp" 
arm-frc-linux-gnueabi-g++ -std=c++1y "-IC:\\Users\\1750800311/wpilib/cpp/current/include" "-IC:\\Users\\1750800311\\Documents\\FRC Robotics Code\\2016-Official-Chong\\2016_official\\AnishTester\\src" -O0 -g3 -Wall -c -fmessage-length=0 -std=c++14 -o "src\\Robot.o" "..\\src\\Robot.cpp" 
arm-frc-linux-gnueabi-g++ "-LC:\\Users\\1750800311/wpilib/cpp/current/lib" -Wl,-rpath,/opt/GenICam_v2_3/bin/Linux_armv7-a,-rpath,/usr/local/frc/rpath-lib -o FRCUserProgram "src\\ImageProcess.o" "src\\Robot.o" -lwpi 
13:33:52 **** Incremental Build of configuration Debug for project AnishTester ****
Info: Internal Builder is used for build
arm-frc-linux-gnueabi-g++ -std=c++1y "-IC:\\Users\\1750800311/wpilib/cpp/current/include" "-IC:\\Users\\1750800311\\Documents\\FRC Robotics Code\\2016-Official-Chong\\2016_official\\AnishTester\\src" -O0 -g3 -Wall -c -fmessage-length=0 -std=c++14 -o "src\\ImageProcess.o" "..\\src\\ImageProcess.cpp" 
..\src\ImageProcess.cpp:16:13: error: expected unqualified-id before ':' token
 ImageProcess:ImageProcess(Image& img_){
             ^
13:34:03 **** Incremental Build of configuration Debug for project AnishTester ****
Info: Internal Builder is used for build
arm-frc-linux-gnueabi-g++ -std=c++1y "-IC:\\Users\\1750800311/wpilib/cpp/current/include" "-IC:\\Users\\1750800311\\Documents\\FRC Robotics Code\\2016-Official-Chong\\2016_official\\AnishTester\\src" -O0 -g3 -Wall -c -fmessage-length=0 -std=c++14 -o "src\\ImageProcess.o" "..\\src\\ImageProcess.cpp" 
..\src\ImageProcess.cpp:16:1: error: prototype for 'ImageProcess::ImageProcess(Image&)' does not match any in class 'ImageProcess'
 ImageProcess::ImageProcess(Image& img_){
 ^
In file included from ..\src\ImageProcess.cpp:8:0:
..\src\ImageProcess.h:13:7: error: candidates are: constexpr ImageProcess::ImageProcess(const ImageProcess&)
 class ImageProcess {
       ^
..\src\ImageProcess.cpp:11:1: error:                 ImageProcess::ImageProcess()
 ImageProcess::ImageProcess() {
 ^
13:34:14 **** Incremental Build of configuration Debug for project AnishTester ****
Info: Internal Builder is used for build
arm-frc-linux-gnueabi-g++ -std=c++1y "-IC:\\Users\\1750800311/wpilib/cpp/current/include" "-IC:\\Users\\1750800311\\Documents\\FRC Robotics Code\\2016-Official-Chong\\2016_official\\AnishTester\\src" -O0 -g3 -Wall -c -fmessage-length=0 -std=c++14 -o "src\\ImageProcess.o" "..\\src\\ImageProcess.cpp" 
..\src\ImageProcess.cpp:16:1: error: prototype for 'ImageProcess::ImageProcess(Image*)' does not match any in class 'ImageProcess'
 ImageProcess::ImageProcess(Image* img_){
 ^
In file included from ..\src\ImageProcess.cpp:8:0:
..\src\ImageProcess.h:13:7: error: candidates are: constexpr ImageProcess::ImageProcess(const ImageProcess&)
 class ImageProcess {
       ^
..\src\ImageProcess.cpp:11:1: error:                 ImageProcess::ImageProcess()
 ImageProcess::ImageProcess() {
 ^
13:34:20 **** Incremental Build of configuration Debug for project AnishTester ****
Info: Internal Builder is used for build
arm-frc-linux-gnueabi-g++ -std=c++1y "-IC:\\Users\\1750800311/wpilib/cpp/current/include" "-IC:\\Users\\1750800311\\Documents\\FRC Robotics Code\\2016-Official-Chong\\2016_official\\AnishTester\\src" -O0 -g3 -Wall -c -fmessage-length=0 -std=c++14 -o "src\\ImageProcess.o" "..\\src\\ImageProcess.cpp" 
..\src\ImageProcess.cpp:16:1: error: prototype for 'ImageProcess::ImageProcess(Image*)' does not match any in class 'ImageProcess'
 ImageProcess::ImageProcess(Image* img_){
 ^
In file included from ..\src\ImageProcess.cpp:8:0:
..\src\ImageProcess.h:13:7: error: candidates are: constexpr ImageProcess::ImageProcess(const ImageProcess&)
 class ImageProcess {
       ^
..\src\ImageProcess.h:16:2: error:                 ImageProcess::ImageProcess(Image&)
  ImageProcess(Image& img_);
  ^
..\src\ImageProcess.cpp:11:1: error:                 ImageProcess::ImageProcess()
 ImageProcess::ImageProcess() {
 ^
13:34:39 **** Incremental Build of configuration Debug for project AnishTester ****
Info: Internal Builder is used for build
arm-frc-linux-gnueabi-g++ -std=c++1y "-IC:\\Users\\1750800311/wpilib/cpp/current/include" "-IC:\\Users\\1750800311\\Documents\\FRC Robotics Code\\2016-Official-Chong\\2016_official\\AnishTester\\src" -O0 -g3 -Wall -c -fmessage-length=0 -std=c++14 -o "src\\ImageProcess.o" "..\\src\\ImageProcess.cpp" 
arm-frc-linux-gnueabi-g++ "-LC:\\Users\\1750800311/wpilib/cpp/current/lib" -Wl,-rpath,/opt/GenICam_v2_3/bin/Linux_armv7-a,-rpath,/usr/local/frc/rpath-lib -o FRCUserProgram "src\\ImageProcess.o" "src\\Robot.o" -lwpi 
13:37:20 **** Incremental Build of configuration Debug for project AnishTester ****
Info: Internal Builder is used for build
arm-frc-linux-gnueabi-g++ -std=c++1y "-IC:\\Users\\1750800311/wpilib/cpp/current/include" "-IC:\\Users\\1750800311\\Documents\\FRC Robotics Code\\2016-Official-Chong\\2016_official\\AnishTester\\src" -O0 -g3 -Wall -c -fmessage-length=0 -std=c++14 -o "src\\ImageProcess.o" "..\\src\\ImageProcess.cpp" 
..\src\ImageProcess.cpp:16:1: error: prototype for 'ImageProcess::ImageProcess(Image*, Image*)' does not match any in class 'ImageProcess'
 ImageProcess::ImageProcess(Image* img_, Image* bin_img_){
 ^
In file included from ..\src\ImageProcess.cpp:8:0:
..\src\ImageProcess.h:13:7: error: candidates are: constexpr ImageProcess::ImageProcess(const ImageProcess&)
 class ImageProcess {
       ^
..\src\ImageProcess.h:16:2: error:                 ImageProcess::ImageProcess(Image*)
  ImageProcess(Image* img_);
  ^
..\src\ImageProcess.cpp:11:1: error:                 ImageProcess::ImageProcess()
 ImageProcess::ImageProcess() {
 ^
13:37:42 **** Incremental Build of configuration Debug for project AnishTester ****
Info: Internal Builder is used for build
arm-frc-linux-gnueabi-g++ -std=c++1y "-IC:\\Users\\1750800311/wpilib/cpp/current/include" "-IC:\\Users\\1750800311\\Documents\\FRC Robotics Code\\2016-Official-Chong\\2016_official\\AnishTester\\src" -O0 -g3 -Wall -c -fmessage-length=0 -std=c++14 -o "src\\Robot.o" "..\\src\\Robot.cpp" 
..\src\Robot.cpp: In member function 'virtual void Robot::RobotInit()':
..\src\Robot.cpp:29:22: error: expression cannot be used as a function
   report(frame, frame);
                      ^
13:38:47 **** Incremental Build of configuration Debug for project AnishTester ****
Info: Internal Builder is used for build
arm-frc-linux-gnueabi-g++ -std=c++1y "-IC:\\Users\\1750800311/wpilib/cpp/current/include" "-IC:\\Users\\1750800311\\Documents\\FRC Robotics Code\\2016-Official-Chong\\2016_official\\AnishTester\\src" -O0 -g3 -Wall -c -fmessage-length=0 -std=c++14 -o "src\\ImageProcess.o" "..\\src\\ImageProcess.cpp" 
arm-frc-linux-gnueabi-g++ -std=c++1y "-IC:\\Users\\1750800311/wpilib/cpp/current/include" "-IC:\\Users\\1750800311\\Documents\\FRC Robotics Code\\2016-Official-Chong\\2016_official\\AnishTester\\src" -O0 -g3 -Wall -c -fmessage-length=0 -std=c++14 -o "src\\Robot.o" "..\\src\\Robot.cpp" 
..\src\Robot.cpp: In member function 'virtual void Robot::RobotInit()':
..\src\Robot.cpp:28:40: error: expression list treated as compound expression in initializer [-fpermissive]
   ImageProcess* img_report(frame, frame);
                                        ^
..\src\Robot.cpp:28:40: warning: left operand of comma operator has no effect [-Wunused-value]
..\src\Robot.cpp:28:40: error: cannot convert 'Image* {aka Image_struct*}' to 'ImageProcess*' in initialization
..\src\Robot.cpp:28:17: warning: unused variable 'img_report' [-Wunused-variable]
   ImageProcess* img_report(frame, frame);
                 ^
13:39:33 **** Incremental Build of configuration Debug for project AnishTester ****
Info: Internal Builder is used for build
arm-frc-linux-gnueabi-g++ -std=c++1y "-IC:\\Users\\1750800311/wpilib/cpp/current/include" "-IC:\\Users\\1750800311\\Documents\\FRC Robotics Code\\2016-Official-Chong\\2016_official\\AnishTester\\src" -O0 -g3 -Wall -c -fmessage-length=0 -std=c++14 -o "src\\Robot.o" "..\\src\\Robot.cpp" 
arm-frc-linux-gnueabi-g++ "-LC:\\Users\\1750800311/wpilib/cpp/current/lib" -Wl,-rpath,/opt/GenICam_v2_3/bin/Linux_armv7-a,-rpath,/usr/local/frc/rpath-lib -o FRCUserProgram "src\\ImageProcess.o" "src\\Robot.o" -lwpi 
13:49:10 **** Incremental Build of configuration Debug for project AnishTester ****
Info: Internal Builder is used for build
arm-frc-linux-gnueabi-g++ -std=c++1y "-IC:\\Users\\1750800311/wpilib/cpp/current/include" "-IC:\\Users\\1750800311\\Documents\\FRC Robotics Code\\2016-Official-Chong\\2016_official\\AnishTester\\src" -O0 -g3 -Wall -c -fmessage-length=0 -std=c++14 -o "src\\Robot.o" "..\\src\\Robot.cpp" 
..\src\Robot.cpp: In member function 'void Robot::dummyImageProcessing()':
..\src\Robot.cpp:106:32: warning: unused variable 'report' [-Wunused-variable]
   ImageProcess::ParticleReport report;
                                ^
arm-frc-linux-gnueabi-g++ "-LC:\\Users\\1750800311/wpilib/cpp/current/lib" -Wl,-rpath,/opt/GenICam_v2_3/bin/Linux_armv7-a,-rpath,/usr/local/frc/rpath-lib -o FRCUserProgram "src\\ImageProcess.o" "src\\Robot.o" -lwpi 
13:49:38 **** Incremental Build of configuration Debug for project AnishTester ****
Info: Internal Builder is used for build
arm-frc-linux-gnueabi-g++ -std=c++1y "-IC:\\Users\\1750800311/wpilib/cpp/current/include" "-IC:\\Users\\1750800311\\Documents\\FRC Robotics Code\\2016-Official-Chong\\2016_official\\AnishTester\\src" -O0 -g3 -Wall -c -fmessage-length=0 -std=c++14 -o "src\\Robot.o" "..\\src\\Robot.cpp" 
..\src\Robot.cpp: In member function 'void Robot::dummyImageProcessing()':
..\src\Robot.cpp:106:32: warning: unused variable 'report' [-Wunused-variable]
   ImageProcess::ParticleReport report;
                                ^
..\src\Robot.cpp:107:32: warning: unused variable 'report2' [-Wunused-variable]
   ImageProcess::ParticleReport report2;
                                ^
arm-frc-linux-gnueabi-g++ "-LC:\\Users\\1750800311/wpilib/cpp/current/lib" -Wl,-rpath,/opt/GenICam_v2_3/bin/Linux_armv7-a,-rpath,/usr/local/frc/rpath-lib -o FRCUserProgram "src\\ImageProcess.o" "src\\Robot.o" -lwpi 
13:50:34 **** Incremental Build of configuration Debug for project AnishTester ****
Info: Internal Builder is used for build
arm-frc-linux-gnueabi-g++ -std=c++1y "-IC:\\Users\\1750800311/wpilib/cpp/current/include" "-IC:\\Users\\1750800311\\Documents\\FRC Robotics Code\\2016-Official-Chong\\2016_official\\AnishTester\\src" -O0 -g3 -Wall -c -fmessage-length=0 -std=c++14 -o "src\\Robot.o" "..\\src\\Robot.cpp" 
..\src\Robot.cpp: In member function 'void Robot::dummyImageProcessing()':
..\src\Robot.cpp:106:32: warning: variable 'report' set but not used [-Wunused-but-set-variable]
   ImageProcess::ParticleReport report;
                                ^
..\src\Robot.cpp:107:32: warning: unused variable 'report2' [-Wunused-variable]
   ImageProcess::ParticleReport report2;
                                ^
arm-frc-linux-gnueabi-g++ "-LC:\\Users\\1750800311/wpilib/cpp/current/lib" -Wl,-rpath,/opt/GenICam_v2_3/bin/Linux_armv7-a,-rpath,/usr/local/frc/rpath-lib -o FRCUserProgram "src\\ImageProcess.o" "src\\Robot.o" -lwpi 
14:32:36 **** Incremental Build of configuration Debug for project AnishTester ****
Info: Internal Builder is used for build
arm-frc-linux-gnueabi-g++ -std=c++1y "-IC:\\Users\\1750800311/wpilib/cpp/current/include" "-IC:\\Users\\1750800311\\Documents\\FRC Robotics Code\\2016-Official-Chong\\2016_official\\AnishTester\\src" -O0 -g3 -Wall -c -fmessage-length=0 -std=c++14 -o "src\\Robot.o" "..\\src\\Robot.cpp" 
arm-frc-linux-gnueabi-g++ "-LC:\\Users\\1750800311/wpilib/cpp/current/lib" -Wl,-rpath,/opt/GenICam_v2_3/bin/Linux_armv7-a,-rpath,/usr/local/frc/rpath-lib -o FRCUserProgram "src\\ImageProcess.o" "src\\Robot.o" -lwpi 
14:34:22 **** Incremental Build of configuration Debug for project AnishTester ****
Info: Internal Builder is used for build
arm-frc-linux-gnueabi-g++ -std=c++1y "-IC:\\Users\\1750800311/wpilib/cpp/current/include" "-IC:\\Users\\1750800311\\Documents\\FRC Robotics Code\\2016-Official-Chong\\2016_official\\AnishTester\\src" -O0 -g3 -Wall -c -fmessage-length=0 -std=c++14 -o "src\\Robot.o" "..\\src\\Robot.cpp" 
arm-frc-linux-gnueabi-g++ "-LC:\\Users\\1750800311/wpilib/cpp/current/lib" -Wl,-rpath,/opt/GenICam_v2_3/bin/Linux_armv7-a,-rpath,/usr/local/frc/rpath-lib -o FRCUserProgram "src\\ImageProcess.o" "src\\Robot.o" -lwpi 
14:46:45 **** Rebuild of configuration Debug for project AutonChooser ****
Info: Internal Builder is used for build
arm-frc-linux-gnueabi-g++ -std=c++1y "-IC:\\Users\\1750800311/wpilib/cpp/current/include" "-IC:\\Users\\1750800311\\Documents\\FRC Robotics Code\\2016-Official-Chong\\2016_official\\AutonChooser\\src" -O0 -g3 -Wall -c -fmessage-length=0 -o "src\\Robot.o" "..\\src\\Robot.cpp" 
arm-frc-linux-gnueabi-g++ "-LC:\\Users\\1750800311/wpilib/cpp/current/lib" -Wl,-rpath,/opt/GenICam_v2_3/bin/Linux_armv7-a,-rpath,/usr/local/frc/rpath-lib -o FRCUserProgram "src\\Robot.o" -lwpi 
14:49:17 **** Rebuild of configuration Debug for project AutonChooser ****
Info: Internal Builder is used for build
arm-frc-linux-gnueabi-g++ -std=c++1y "-IC:\\Users\\1750800311/wpilib/cpp/current/include" "-IC:\\Users\\1750800311\\Documents\\FRC Robotics Code\\2016-Official-Chong\\2016_official\\AutonChooser\\src" -O0 -g3 -Wall -c -fmessage-length=0 -std=c++14 -o "src\\Robot.o" "..\\src\\Robot.cpp" 
arm-frc-linux-gnueabi-g++ "-LC:\\Users\\1750800311/wpilib/cpp/current/lib" -Wl,-rpath,/opt/GenICam_v2_3/bin/Linux_armv7-a,-rpath,/usr/local/frc/rpath-lib -o FRCUserProgram "src\\Robot.o" -lwpi 
14:52:39 **** Incremental Build of configuration Debug for project 2016Autonomous ****
Info: Internal Builder is used for build
arm-frc-linux-gnueabi-g++ -std=c++1y "-IC:\\Users\\1750800311/wpilib/cpp/current/include" "-IC:\\Users\\1750800311\\Documents\\FRC Robotics Code\\2016-Official-Chong\\2016_official\\2016Autonomous\\src" -O0 -g3 -Wall -c -fmessage-length=0 -std=c++14 -o "src\\Robot.o" "..\\src\\Robot.cpp" 
In file included from ..\src\Robot.cpp:2:0:
..\src\Auto.h:18:31: error: redeclaration of 'NONE'
  enum AutonMode{TERRAIN, ARM, NONE};
                               ^
..\src\Auto.h:17:29: note: previous declaration 'Auto::AutonPos NONE'
  enum AutonPos{LEFT, RIGHT, NONE};
                             ^
..\src\Robot.cpp: In member function 'virtual void Robot::AutonomousInit()':
..\src\Robot.cpp:48:11: error: invalid use of 'Auto::Auto'
    auton->Auto(0, 1);
           ^
..\src\Robot.cpp:50:11: error: invalid use of 'Auto::Auto'
    auton->Auto(0, 0);
           ^
..\src\Robot.cpp:52:11: error: invalid use of 'Auto::Auto'
    auton->Auto(1, 1);
           ^
..\src\Robot.cpp:54:11: error: invalid use of 'Auto::Auto'
    auton->Auto(1, 0);
           ^
..\src\Robot.cpp:56:11: error: invalid use of 'Auto::Auto'
    auton->Auto(2, 2);
           ^
14:52:41 **** Incremental Build of configuration Debug for project AutonChooser ****
Info: Internal Builder is used for build
arm-frc-linux-gnueabi-g++ -std=c++1y "-IC:\\Users\\1750800311/wpilib/cpp/current/include" "-IC:\\Users\\1750800311\\Documents\\FRC Robotics Code\\2016-Official-Chong\\2016_official\\AutonChooser\\src" -O0 -g3 -Wall -c -fmessage-length=0 -std=c++14 -o "src\\Auto.o" "..\\src\\Auto.cpp" 
In file included from ..\src\Auto.cpp:1:0:
..\src\Auto.h:4:21: fatal error: Shooter.h: No such file or directory
 #include "Shooter.h"
                     ^
compilation terminated.
14:53:03 **** Incremental Build of configuration Debug for project 2016Autonomous ****
Info: Internal Builder is used for build
arm-frc-linux-gnueabi-g++ -std=c++1y "-IC:\\Users\\1750800311/wpilib/cpp/current/include" "-IC:\\Users\\1750800311\\Documents\\FRC Robotics Code\\2016-Official-Chong\\2016_official\\2016Autonomous\\src" -O0 -g3 -Wall -c -fmessage-length=0 -std=c++14 -o "src\\DriveSystem.o" "..\\src\\DriveSystem.cpp" 
arm-frc-linux-gnueabi-g++ -std=c++1y "-IC:\\Users\\1750800311/wpilib/cpp/current/include" "-IC:\\Users\\1750800311\\Documents\\FRC Robotics Code\\2016-Official-Chong\\2016_official\\2016Autonomous\\src" -O0 -g3 -Wall -c -fmessage-length=0 -std=c++14 -o "src\\Defense.o" "..\\src\\Defense.cpp" 
arm-frc-linux-gnueabi-g++ -std=c++1y "-IC:\\Users\\1750800311/wpilib/cpp/current/include" "-IC:\\Users\\1750800311\\Documents\\FRC Robotics Code\\2016-Official-Chong\\2016_official\\2016Autonomous\\src" -O0 -g3 -Wall -c -fmessage-length=0 -std=c++14 -o "src\\ImageProcess.o" "..\\src\\ImageProcess.cpp" 
In file included from ..\src\ImageProcess.cpp:8:0:
C:\Users\1750800311\Documents\FRC Robotics Code\2016-Official-Chong\2016_official\2016Autonomous\src/ImageProcess.h:29:2: error: 'Image' does not name a type
  Image *frame;
  ^
C:\Users\1750800311\Documents\FRC Robotics Code\2016-Official-Chong\2016_official\2016Autonomous\src/ImageProcess.h:30:2: error: 'Image' does not name a type
  Image *binaryFrame;
  ^
C:\Users\1750800311\Documents\FRC Robotics Code\2016-Official-Chong\2016_official\2016Autonomous\src/ImageProcess.h:32:2: error: 'ParticleFilterCriteria2' does not name a type
  ParticleFilterCriteria2 criteria[1];
  ^
C:\Users\1750800311\Documents\FRC Robotics Code\2016-Official-Chong\2016_official\2016Autonomous\src/ImageProcess.h:33:2: error: 'ParticleFilterOptions2' does not name a type
  ParticleFilterOptions2 filterOptions = {0,0,1,1};
  ^
C:\Users\1750800311\Documents\FRC Robotics Code\2016-Official-Chong\2016_official\2016Autonomous\src/ImageProcess.h:39:26: error: 'Image' has not been declared
  double computeDistance (Image *image, ParticleReport report);
                          ^
..\src\ImageProcess.cpp:39:39: error: 'double ImageProcess::computeDistance' is not a static member of 'class ImageProcess'
 double ImageProcess::computeDistance (Image *image, ParticleReport report) {
                                       ^
..\src\ImageProcess.cpp:39:39: error: 'Image' was not declared in this scope
..\src\ImageProcess.cpp:39:46: error: 'image' was not declared in this scope
 double ImageProcess::computeDistance (Image *image, ParticleReport report) {
                                              ^
..\src\ImageProcess.cpp:39:68: error: expected primary-expression before 'report'
 double ImageProcess::computeDistance (Image *image, ParticleReport report) {
                                                                    ^
..\src\ImageProcess.cpp:39:74: error: expression list treated as compound expression in initializer [-fpermissive]
 double ImageProcess::computeDistance (Image *image, ParticleReport report) {
                                                                          ^
..\src\ImageProcess.cpp:39:76: error: expected ',' or ';' before '{' token
 double ImageProcess::computeDistance (Image *image, ParticleReport report) {
                                                                            ^
14:53:05 **** Incremental Build of configuration Debug for project AutonChooser ****
Info: Internal Builder is used for build
arm-frc-linux-gnueabi-g++ -std=c++1y "-IC:\\Users\\1750800311/wpilib/cpp/current/include" "-IC:\\Users\\1750800311\\Documents\\FRC Robotics Code\\2016-Official-Chong\\2016_official\\AutonChooser\\src" -O0 -g3 -Wall -c -fmessage-length=0 -std=c++14 -o "src\\Auto.o" "..\\src\\Auto.cpp" 
In file included from ..\src\Auto.cpp:1:0:
..\src\Auto.h:10:31: error: redeclaration of 'NONE'
  enum AutonMode{TERRAIN, ARM, NONE};
                               ^
..\src\Auto.h:9:29: note: previous declaration 'Auto::AutonPos NONE'
  enum AutonPos{LEFT, RIGHT, NONE};
                             ^
..\src\Auto.cpp: In constructor 'Auto::Auto()':
..\src\Auto.cpp:4:2: error: 'sys' was not declared in this scope
  sys = new DriveSystem();
  ^
..\src\Auto.cpp:4:12: error: expected type-specifier before 'DriveSystem'
  sys = new DriveSystem();
            ^
..\src\Auto.cpp:5:2: error: 'sho' was not declared in this scope
  sho = new Shooter();
  ^
..\src\Auto.cpp:5:12: error: expected type-specifier before 'Shooter'
  sho = new Shooter();
            ^
..\src\Auto.cpp:8:9: error: 'NONE_' is not a member of 'Auto::AutonMode'
  mode = AutonMode::NONE_;
         ^
..\src\Auto.cpp: In constructor 'Auto::Auto(int, int)':
..\src\Auto.cpp:15:2: error: 'sys' was not declared in this scope
  sys = new DriveSystem();
  ^
..\src\Auto.cpp:15:12: error: expected type-specifier before 'DriveSystem'
  sys = new DriveSystem();
            ^
..\src\Auto.cpp:16:2: error: 'sho' was not declared in this scope
  sho = new Shooter();
  ^
..\src\Auto.cpp:16:12: error: expected type-specifier before 'Shooter'
  sho = new Shooter();
            ^
..\src\Auto.cpp: In destructor 'Auto::~Auto()':
..\src\Auto.cpp:27:9: error: 'sys' was not declared in this scope
  delete sys;
         ^
..\src\Auto.cpp:28:9: error: 'sho' was not declared in this scope
  delete sho;
         ^
..\src\Auto.cpp: In member function 'void Auto::InternalAutonChooser()':
..\src\Auto.cpp:37:12: error: 'Wait' was not declared in this scope
   Wait(15.0); //you've done goofed up
            ^
..\src\Auto.cpp: In member function 'void Auto::TerrainCrosser()':
..\src\Auto.cpp:47:2: error: 'sys' was not declared in this scope
  sys->Drive(0.1, 0.1);
  ^
..\src\Auto.cpp:48:10: error: 'Wait' was not declared in this scope
  Wait(1.0);
          ^
..\src\Auto.cpp: In member function 'void Auto::SetUpToShoot()':
..\src\Auto.cpp:59:10: error: 'Wait' was not declared in this scope
  Wait(0.1);
          ^
..\src\Auto.cpp:60:2: error: 'sys' was not declared in this scope
  sys->LowerCasters();
  ^
..\src\Auto.cpp:62:5: error: 'sho' was not declared in this scope
  if(sho->DetectBall()){
     ^
..\src\Auto.cpp:84:2: error: 'sho' was not declared in this scope
  sho->Raise(0.25);
  ^
..\src\Auto.cpp: In member function 'void Auto::Shoot()':
..\src\Auto.cpp:91:2: error: 'sho' was not declared in this scope
  sho->Shoot(5000, 5000);
  ^
..\src\Auto.cpp:92:10: error: 'Wait' was not declared in this scope
  Wait(0.1);
          ^
14:53:14 **** Incremental Build of configuration Debug for project 2016Autonomous ****
Info: Internal Builder is used for build
arm-frc-linux-gnueabi-g++ -std=c++1y "-IC:\\Users\\1750800311/wpilib/cpp/current/include" "-IC:\\Users\\1750800311\\Documents\\FRC Robotics Code\\2016-Official-Chong\\2016_official\\2016Autonomous\\src" -O0 -g3 -Wall -c -fmessage-length=0 -std=c++14 -o "src\\Shooter.o" "..\\src\\Shooter.cpp" 
arm-frc-linux-gnueabi-g++ -std=c++1y "-IC:\\Users\\1750800311/wpilib/cpp/current/include" "-IC:\\Users\\1750800311\\Documents\\FRC Robotics Code\\2016-Official-Chong\\2016_official\\2016Autonomous\\src" -O0 -g3 -Wall -c -fmessage-length=0 -std=c++14 -o "src\\TeleopControl.o" "..\\src\\TeleopControl.cpp" 
arm-frc-linux-gnueabi-g++ -std=c++1y "-IC:\\Users\\1750800311/wpilib/cpp/current/include" "-IC:\\Users\\1750800311\\Documents\\FRC Robotics Code\\2016-Official-Chong\\2016_official\\2016Autonomous\\src" -O0 -g3 -Wall -c -fmessage-length=0 -std=c++14 -o "src\\Robot.o" "..\\src\\Robot.cpp" 
In file included from ..\src\Robot.cpp:2:0:
..\src\Auto.h:18:31: error: redeclaration of 'NONE'
  enum AutonMode{TERRAIN, ARM, NONE};
                               ^
..\src\Auto.h:17:29: note: previous declaration 'Auto::AutonPos NONE'
  enum AutonPos{LEFT, RIGHT, NONE};
                             ^
..\src\Robot.cpp: In member function 'virtual void Robot::AutonomousInit()':
..\src\Robot.cpp:48:11: error: invalid use of 'Auto::Auto'
    auton->Auto(0, 1);
           ^
..\src\Robot.cpp:50:11: error: invalid use of 'Auto::Auto'
    auton->Auto(0, 0);
           ^
..\src\Robot.cpp:52:11: error: invalid use of 'Auto::Auto'
    auton->Auto(1, 1);
           ^
..\src\Robot.cpp:54:11: error: invalid use of 'Auto::Auto'
    auton->Auto(1, 0);
           ^
..\src\Robot.cpp:56:11: error: invalid use of 'Auto::Auto'
    auton->Auto(2, 2);
           ^
14:53:18 **** Incremental Build of configuration Debug for project AutonChooser ****
Info: Internal Builder is used for build
arm-frc-linux-gnueabi-g++ -std=c++1y "-IC:\\Users\\1750800311/wpilib/cpp/current/include" "-IC:\\Users\\1750800311\\Documents\\FRC Robotics Code\\2016-Official-Chong\\2016_official\\AutonChooser\\src" -O0 -g3 -Wall -c -fmessage-length=0 -std=c++14 -o "src\\Auto.o" "..\\src\\Auto.cpp" 
..\src\Auto.cpp: In constructor 'Auto::Auto()':
..\src\Auto.cpp:4:2: error: 'sys' was not declared in this scope
  sys = new DriveSystem();
  ^
..\src\Auto.cpp:4:12: error: expected type-specifier before 'DriveSystem'
  sys = new DriveSystem();
            ^
..\src\Auto.cpp:5:2: error: 'sho' was not declared in this scope
  sho = new Shooter();
  ^
..\src\Auto.cpp:5:12: error: expected type-specifier before 'Shooter'
  sho = new Shooter();
            ^
..\src\Auto.cpp: In constructor 'Auto::Auto(int, int)':
..\src\Auto.cpp:15:2: error: 'sys' was not declared in this scope
  sys = new DriveSystem();
  ^
..\src\Auto.cpp:15:12: error: expected type-specifier before 'DriveSystem'
  sys = new DriveSystem();
            ^
..\src\Auto.cpp:16:2: error: 'sho' was not declared in this scope
  sho = new Shooter();
  ^
..\src\Auto.cpp:16:12: error: expected type-specifier before 'Shooter'
  sho = new Shooter();
            ^
..\src\Auto.cpp: In destructor 'Auto::~Auto()':
..\src\Auto.cpp:27:9: error: 'sys' was not declared in this scope
  delete sys;
         ^
..\src\Auto.cpp:28:9: error: 'sho' was not declared in this scope
  delete sho;
         ^
..\src\Auto.cpp: In member function 'void Auto::InternalAutonChooser()':
..\src\Auto.cpp:37:12: error: 'Wait' was not declared in this scope
   Wait(15.0); //you've done goofed up
            ^
..\src\Auto.cpp: In member function 'void Auto::TerrainCrosser()':
..\src\Auto.cpp:47:2: error: 'sys' was not declared in this scope
  sys->Drive(0.1, 0.1);
  ^
..\src\Auto.cpp:48:10: error: 'Wait' was not declared in this scope
  Wait(1.0);
          ^
..\src\Auto.cpp: In member function 'void Auto::SetUpToShoot()':
..\src\Auto.cpp:59:10: error: 'Wait' was not declared in this scope
  Wait(0.1);
          ^
..\src\Auto.cpp:60:2: error: 'sys' was not declared in this scope
  sys->LowerCasters();
  ^
..\src\Auto.cpp:62:5: error: 'sho' was not declared in this scope
  if(sho->DetectBall()){
     ^
..\src\Auto.cpp:84:2: error: 'sho' was not declared in this scope
  sho->Raise(0.25);
  ^
..\src\Auto.cpp: In member function 'void Auto::Shoot()':
..\src\Auto.cpp:91:2: error: 'sho' was not declared in this scope
  sho->Shoot(5000, 5000);
  ^
..\src\Auto.cpp:92:10: error: 'Wait' was not declared in this scope
  Wait(0.1);
          ^
14:54:22 **** Incremental Build of configuration Debug for project 2016Autonomous ****
Info: Internal Builder is used for build
arm-frc-linux-gnueabi-g++ -std=c++1y "-IC:\\Users\\1750800311/wpilib/cpp/current/include" "-IC:\\Users\\1750800311\\Documents\\FRC Robotics Code\\2016-Official-Chong\\2016_official\\2016Autonomous\\src" -O0 -g3 -Wall -c -fmessage-length=0 -std=c++14 -o "src\\Auto.o" "..\\src\\Auto.cpp" 
In file included from ..\src\Auto.h:7:0,
                 from ..\src\Auto.cpp:1:
..\src\ImageProcess.h:29:2: error: 'Image' does not name a type
  Image *frame;
  ^
..\src\ImageProcess.h:30:2: error: 'Image' does not name a type
  Image *binaryFrame;
  ^
..\src\ImageProcess.h:32:2: error: 'ParticleFilterCriteria2' does not name a type
  ParticleFilterCriteria2 criteria[1];
  ^
..\src\ImageProcess.h:33:2: error: 'ParticleFilterOptions2' does not name a type
  ParticleFilterOptions2 filterOptions = {0,0,1,1};
  ^
..\src\ImageProcess.h:39:26: error: 'Image' has not been declared
  double computeDistance (Image *image, ParticleReport report);
                          ^
In file included from ..\src\Auto.cpp:1:0:
..\src\Auto.h:18:31: error: redeclaration of 'NONE'
  enum AutonMode{TERRAIN, ARM, NONE};
                               ^
..\src\Auto.h:17:29: note: previous declaration 'Auto::AutonPos NONE'
  enum AutonPos{LEFT, RIGHT, NONE};
                             ^
..\src\Auto.cpp: In constructor 'Auto::Auto()':
..\src\Auto.cpp:8:9: error: 'NONE_' is not a member of 'Auto::AutonMode'
  mode = AutonMode::NONE_;
         ^
14:54:24 **** Incremental Build of configuration Debug for project AutonChooser ****
Info: Internal Builder is used for build
arm-frc-linux-gnueabi-g++ -std=c++1y "-IC:\\Users\\1750800311/wpilib/cpp/current/include" "-IC:\\Users\\1750800311\\Documents\\FRC Robotics Code\\2016-Official-Chong\\2016_official\\AutonChooser\\src" -O0 -g3 -Wall -c -fmessage-length=0 -std=c++14 -o "src\\Auto.o" "..\\src\\Auto.cpp" 
..\src\Auto.cpp: In member function 'void Auto::InternalAutonChooser()':
..\src\Auto.cpp:28:26: error: qualified-id in declaration before '(' token
 void Auto::ArmWallCrosser(){
                          ^
..\src\Auto.cpp:30:1: error: expected '}' at end of input
 }
 ^
14:54:32 **** Incremental Build of configuration Debug for project 2016Autonomous ****
Info: Internal Builder is used for build
arm-frc-linux-gnueabi-g++ -std=c++1y "-IC:\\Users\\1750800311/wpilib/cpp/current/include" "-IC:\\Users\\1750800311\\Documents\\FRC Robotics Code\\2016-Official-Chong\\2016_official\\2016Autonomous\\src" -O0 -g3 -Wall -c -fmessage-length=0 -std=c++14 -o "src\\Robot.o" "..\\src\\Robot.cpp" 
In file included from ..\src\Robot.cpp:2:0:
..\src\Auto.h:18:31: error: redeclaration of 'NONE'
  enum AutonMode{TERRAIN, ARM, NONE};
                               ^
..\src\Auto.h:17:29: note: previous declaration 'Auto::AutonPos NONE'
  enum AutonPos{LEFT, RIGHT, NONE};
                             ^
..\src\Robot.cpp: In member function 'virtual void Robot::AutonomousInit()':
..\src\Robot.cpp:48:11: error: invalid use of 'Auto::Auto'
    auton->Auto(0, 1);
           ^
..\src\Robot.cpp:50:11: error: invalid use of 'Auto::Auto'
    auton->Auto(0, 0);
           ^
..\src\Robot.cpp:52:11: error: invalid use of 'Auto::Auto'
    auton->Auto(1, 1);
           ^
..\src\Robot.cpp:54:11: error: invalid use of 'Auto::Auto'
    auton->Auto(1, 0);
           ^
..\src\Robot.cpp:56:11: error: invalid use of 'Auto::Auto'
    auton->Auto(2, 2);
           ^
14:54:34 **** Incremental Build of configuration Debug for project AutonChooser ****
Info: Internal Builder is used for build
arm-frc-linux-gnueabi-g++ -std=c++1y "-IC:\\Users\\1750800311/wpilib/cpp/current/include" "-IC:\\Users\\1750800311\\Documents\\FRC Robotics Code\\2016-Official-Chong\\2016_official\\AutonChooser\\src" -O0 -g3 -Wall -c -fmessage-length=0 -std=c++14 -o "src\\Auto.o" "..\\src\\Auto.cpp" 
arm-frc-linux-gnueabi-g++ "-LC:\\Users\\1750800311/wpilib/cpp/current/lib" -Wl,-rpath,/opt/GenICam_v2_3/bin/Linux_armv7-a,-rpath,/usr/local/frc/rpath-lib -o FRCUserProgram "src\\Auto.o" "src\\Robot.o" -lwpi 
15:04:48 **** Incremental Build of configuration Debug for project 2016Autonomous ****
Info: Internal Builder is used for build
arm-frc-linux-gnueabi-g++ -std=c++1y "-IC:\\Users\\1750800311/wpilib/cpp/current/include" "-IC:\\Users\\1750800311\\Documents\\FRC Robotics Code\\2016-Official-Chong\\2016_official\\2016Autonomous\\src" -O0 -g3 -Wall -c -fmessage-length=0 -std=c++14 -o "src\\Auto.o" "..\\src\\Auto.cpp" 
In file included from ..\src\Auto.h:7:0,
                 from ..\src\Auto.cpp:1:
..\src\ImageProcess.h:29:2: error: 'Image' does not name a type
  Image *frame;
  ^
..\src\ImageProcess.h:30:2: error: 'Image' does not name a type
  Image *binaryFrame;
  ^
..\src\ImageProcess.h:32:2: error: 'ParticleFilterCriteria2' does not name a type
  ParticleFilterCriteria2 criteria[1];
  ^
..\src\ImageProcess.h:33:2: error: 'ParticleFilterOptions2' does not name a type
  ParticleFilterOptions2 filterOptions = {0,0,1,1};
  ^
..\src\ImageProcess.h:39:26: error: 'Image' has not been declared
  double computeDistance (Image *image, ParticleReport report);
                          ^
In file included from ..\src\Auto.cpp:1:0:
..\src\Auto.h:18:31: error: redeclaration of 'NONE'
  enum AutonMode{TERRAIN, ARM, NONE};
                               ^
..\src\Auto.h:17:29: note: previous declaration 'Auto::AutonPos NONE'
  enum AutonPos{LEFT, RIGHT, NONE};
                             ^
..\src\Auto.cpp: In constructor 'Auto::Auto()':
..\src\Auto.cpp:8:9: error: 'NONE_' is not a member of 'Auto::AutonMode'
  mode = AutonMode::NONE_;
         ^
15:04:50 **** Incremental Build of configuration Debug for project AutonChooser ****
Info: Internal Builder is used for build
arm-frc-linux-gnueabi-g++ -std=c++1y "-IC:\\Users\\1750800311/wpilib/cpp/current/include" "-IC:\\Users\\1750800311\\Documents\\FRC Robotics Code\\2016-Official-Chong\\2016_official\\AutonChooser\\src" -O0 -g3 -Wall -c -fmessage-length=0 -std=c++14 -o "src\\Auto.o" "..\\src\\Auto.cpp" 
..\src\Auto.cpp:26:33: error: no 'void Auto::InternalAutonChooser()' member function declared in class 'Auto'
 void Auto::InternalAutonChooser(){
                                 ^
15:05:33 **** Incremental Build of configuration Debug for project AutonChooser ****
Info: Internal Builder is used for build
arm-frc-linux-gnueabi-g++ -std=c++1y "-IC:\\Users\\1750800311/wpilib/cpp/current/include" "-IC:\\Users\\1750800311\\Documents\\FRC Robotics Code\\2016-Official-Chong\\2016_official\\AutonChooser\\src" -O0 -g3 -Wall -c -fmessage-length=0 -std=c++14 -o "src\\Auto.o" "..\\src\\Auto.cpp" 
..\src\Auto.cpp:26:33: error: no 'void Auto::InternalAutonChooser()' member function declared in class 'Auto'
 void Auto::InternalAutonChooser(){
                                 ^
15:05:38 **** Incremental Build of configuration Debug for project AutonChooser ****
Info: Internal Builder is used for build
arm-frc-linux-gnueabi-g++ -std=c++1y "-IC:\\Users\\1750800311/wpilib/cpp/current/include" "-IC:\\Users\\1750800311\\Documents\\FRC Robotics Code\\2016-Official-Chong\\2016_official\\AutonChooser\\src" -O0 -g3 -Wall -c -fmessage-length=0 -std=c++14 -o "src\\Auto.o" "..\\src\\Auto.cpp" 
..\src\Auto.cpp:26:33: error: no 'void Auto::InternalAutonChooser()' member function declared in class 'Auto'
 void Auto::InternalAutonChooser(){
                                 ^
15:06:09 **** Incremental Build of configuration Debug for project AutonChooser ****
Info: Internal Builder is used for build
arm-frc-linux-gnueabi-g++ -std=c++1y "-IC:\\Users\\1750800311/wpilib/cpp/current/include" "-IC:\\Users\\1750800311\\Documents\\FRC Robotics Code\\2016-Official-Chong\\2016_official\\AutonChooser\\src" -O0 -g3 -Wall -c -fmessage-length=0 -std=c++14 -o "src\\Auto.o" "..\\src\\Auto.cpp" 
..\src\Auto.cpp:26:33: error: no 'void Auto::InternalAutonChooser()' member function declared in class 'Auto'
 void Auto::InternalAutonChooser(){
                                 ^
15:07:54 **** Incremental Build of configuration Debug for project AutonChooser ****
Info: Internal Builder is used for build
arm-frc-linux-gnueabi-g++ -std=c++1y "-IC:\\Users\\1750800311/wpilib/cpp/current/include" "-IC:\\Users\\1750800311\\Documents\\FRC Robotics Code\\2016-Official-Chong\\2016_official\\AutonChooser\\src" -O0 -g3 -Wall -c -fmessage-length=0 -std=c++14 -o "src\\Auto.o" "..\\src\\Auto.cpp" 
..\src\Auto.cpp: In constructor 'Auto::Auto(int, int)':
..\src\Auto.cpp:17:2: error: 'SmartDashboard' has not been declared
  SmartDashboard::PutNumber("AutonMode", mode);
  ^
..\src\Auto.cpp:18:2: error: 'SmartDashboard' has not been declared
  SmartDashboard::PutNumber("AutonPos", pos);
  ^
15:08:04 **** Incremental Build of configuration Debug for project AutonChooser ****
Info: Internal Builder is used for build
arm-frc-linux-gnueabi-g++ -std=c++1y "-IC:\\Users\\1750800311/wpilib/cpp/current/include" "-IC:\\Users\\1750800311\\Documents\\FRC Robotics Code\\2016-Official-Chong\\2016_official\\AutonChooser\\src" -O0 -g3 -Wall -c -fmessage-length=0 -std=c++14 -o "src\\Robot.o" "..\\src\\Robot.cpp" 
..\src\Robot.cpp: In member function 'virtual void Robot::AutonomousInit()':
..\src\Robot.cpp:47:11: error: invalid use of 'Auto::Auto'
    auton->Auto(0, 1);
           ^
..\src\Robot.cpp:49:11: error: invalid use of 'Auto::Auto'
    auton->Auto(0, 0);
           ^
..\src\Robot.cpp:51:11: error: invalid use of 'Auto::Auto'
    auton->Auto(1, 1);
           ^
..\src\Robot.cpp:53:11: error: invalid use of 'Auto::Auto'
    auton->Auto(1, 0);
           ^
..\src\Robot.cpp:55:11: error: invalid use of 'Auto::Auto'
    auton->Auto(2, 2);
           ^
15:09:50 **** Incremental Build of configuration Debug for project AutonChooser ****
Info: Internal Builder is used for build
arm-frc-linux-gnueabi-g++ -std=c++1y "-IC:\\Users\\1750800311/wpilib/cpp/current/include" "-IC:\\Users\\1750800311\\Documents\\FRC Robotics Code\\2016-Official-Chong\\2016_official\\AutonChooser\\src" -O0 -g3 -Wall -c -fmessage-length=0 -std=c++14 -o "src\\Auto.o" "..\\src\\Auto.cpp" 
arm-frc-linux-gnueabi-g++ -std=c++1y "-IC:\\Users\\1750800311/wpilib/cpp/current/include" "-IC:\\Users\\1750800311\\Documents\\FRC Robotics Code\\2016-Official-Chong\\2016_official\\AutonChooser\\src" -O0 -g3 -Wall -c -fmessage-length=0 -std=c++14 -o "src\\Robot.o" "..\\src\\Robot.cpp" 
arm-frc-linux-gnueabi-g++ "-LC:\\Users\\1750800311/wpilib/cpp/current/lib" -Wl,-rpath,/opt/GenICam_v2_3/bin/Linux_armv7-a,-rpath,/usr/local/frc/rpath-lib -o FRCUserProgram "src\\Auto.o" "src\\Robot.o" -lwpi 
15:12:24 **** Incremental Build of configuration Debug for project 2016Autonomous ****
Info: Internal Builder is used for build
arm-frc-linux-gnueabi-g++ -std=c++1y "-IC:\\Users\\1750800311/wpilib/cpp/current/include" "-IC:\\Users\\1750800311\\Documents\\FRC Robotics Code\\2016-Official-Chong\\2016_official\\2016Autonomous\\src" -O0 -g3 -Wall -c -fmessage-length=0 -std=c++14 -o "src\\Auto.o" "..\\src\\Auto.cpp" 
In file included from ..\src\Auto.h:7:0,
                 from ..\src\Auto.cpp:1:
..\src\ImageProcess.h:29:2: error: 'Image' does not name a type
  Image *frame;
  ^
..\src\ImageProcess.h:30:2: error: 'Image' does not name a type
  Image *binaryFrame;
  ^
..\src\ImageProcess.h:32:2: error: 'ParticleFilterCriteria2' does not name a type
  ParticleFilterCriteria2 criteria[1];
  ^
..\src\ImageProcess.h:33:2: error: 'ParticleFilterOptions2' does not name a type
  ParticleFilterOptions2 filterOptions = {0,0,1,1};
  ^
..\src\ImageProcess.h:39:26: error: 'Image' has not been declared
  double computeDistance (Image *image, ParticleReport report);
                          ^
Info: Nothing to build for AutonChooser
15:12:40 **** Incremental Build of configuration Debug for project 2016Autonomous ****
Info: Internal Builder is used for build
arm-frc-linux-gnueabi-g++ -std=c++1y "-IC:\\Users\\1750800311/wpilib/cpp/current/include" "-IC:\\Users\\1750800311\\Documents\\FRC Robotics Code\\2016-Official-Chong\\2016_official\\2016Autonomous\\src" -O0 -g3 -Wall -c -fmessage-length=0 -std=c++14 -o "src\\ImageProcess.o" "..\\src\\ImageProcess.cpp" 
arm-frc-linux-gnueabi-g++ -std=c++1y "-IC:\\Users\\1750800311/wpilib/cpp/current/include" "-IC:\\Users\\1750800311\\Documents\\FRC Robotics Code\\2016-Official-Chong\\2016_official\\2016Autonomous\\src" -O0 -g3 -Wall -c -fmessage-length=0 -std=c++14 -o "src\\Robot.o" "..\\src\\Robot.cpp" 
..\src\Robot.cpp: In member function 'virtual void Robot::AutonomousInit()':
..\src\Robot.cpp:48:11: error: invalid use of 'Auto::Auto'
    auton->Auto(0, 1);
           ^
..\src\Robot.cpp:50:11: error: invalid use of 'Auto::Auto'
    auton->Auto(0, 0);
           ^
..\src\Robot.cpp:52:11: error: invalid use of 'Auto::Auto'
    auton->Auto(1, 1);
           ^
..\src\Robot.cpp:54:11: error: invalid use of 'Auto::Auto'
    auton->Auto(1, 0);
           ^
..\src\Robot.cpp:56:11: error: invalid use of 'Auto::Auto'
    auton->Auto(2, 2);
           ^
Info: Nothing to build for AutonChooser
15:13:02 **** Incremental Build of configuration Debug for project 2016Autonomous ****
Info: Internal Builder is used for build
arm-frc-linux-gnueabi-g++ -std=c++1y "-IC:\\Users\\1750800311/wpilib/cpp/current/include" "-IC:\\Users\\1750800311\\Documents\\FRC Robotics Code\\2016-Official-Chong\\2016_official\\2016Autonomous\\src" -O0 -g3 -Wall -c -fmessage-length=0 -std=c++14 -o "src\\Robot.o" "..\\src\\Robot.cpp" 
..\src\Robot.cpp: In member function 'virtual void Robot::AutonomousInit()':
..\src\Robot.cpp:48:14: error: no match for call to '(Auto) (int, int)'
    auton(0, 1);
              ^
..\src\Robot.cpp:50:14: error: no match for call to '(Auto) (int, int)'
    auton(0, 0);
              ^
..\src\Robot.cpp:52:9: error: base operand of '->' has non-pointer type 'Auto'
    auton->Auto(1, 1);
         ^
..\src\Robot.cpp:54:9: error: base operand of '->' has non-pointer type 'Auto'
    auton->Auto(1, 0);
         ^
..\src\Robot.cpp:56:9: error: base operand of '->' has non-pointer type 'Auto'
    auton->Auto(2, 2);
         ^
..\src\Robot.cpp: In member function 'virtual void Robot::AutonomousPeriodic()':
..\src\Robot.cpp:62:8: error: base operand of '->' has non-pointer type 'Auto'
   auton->InternalAutonChooser();
        ^
Info: Nothing to build for AutonChooser
15:13:40 **** Incremental Build of configuration Debug for project 2016Autonomous ****
Info: Internal Builder is used for build
arm-frc-linux-gnueabi-g++ -std=c++1y "-IC:\\Users\\1750800311/wpilib/cpp/current/include" "-IC:\\Users\\1750800311\\Documents\\FRC Robotics Code\\2016-Official-Chong\\2016_official\\2016Autonomous\\src" -O0 -g3 -Wall -c -fmessage-length=0 -std=c++14 -o "src\\Auto.o" "..\\src\\Auto.cpp" 
arm-frc-linux-gnueabi-g++ -std=c++1y "-IC:\\Users\\1750800311/wpilib/cpp/current/include" "-IC:\\Users\\1750800311\\Documents\\FRC Robotics Code\\2016-Official-Chong\\2016_official\\2016Autonomous\\src" -O0 -g3 -Wall -c -fmessage-length=0 -std=c++14 -o "src\\Robot.o" "..\\src\\Robot.cpp" 
..\src\Robot.cpp: In member function 'virtual void Robot::AutonomousInit()':
..\src\Robot.cpp:56:4: error: 'auton' was not declared in this scope
    auton->Auto(2, 2);
    ^
..\src\Robot.cpp: In member function 'virtual void Robot::AutonomousPeriodic()':
..\src\Robot.cpp:62:3: error: 'auton' was not declared in this scope
   auton->InternalAutonChooser();
   ^
Info: Nothing to build for AutonChooser
15:14:37 **** Incremental Build of configuration Debug for project 2016Autonomous ****
Info: Internal Builder is used for build
arm-frc-linux-gnueabi-g++ -std=c++1y "-IC:\\Users\\1750800311/wpilib/cpp/current/include" "-IC:\\Users\\1750800311\\Documents\\FRC Robotics Code\\2016-Official-Chong\\2016_official\\2016Autonomous\\src" -O0 -g3 -Wall -c -fmessage-length=0 -std=c++14 -o "src\\Robot.o" "..\\src\\Robot.cpp" 
arm-frc-linux-gnueabi-g++ "-LC:\\Users\\1750800311/wpilib/cpp/current/lib" -Wl,-rpath,/opt/GenICam_v2_3/bin/Linux_armv7-a,-rpath,/usr/local/frc/rpath-lib -o FRCUserProgram "src\\Auto.o" "src\\Defense.o" "src\\DriveSystem.o" "src\\ImageProcess.o" "src\\Robot.o" "src\\Shooter.o" "src\\TeleopControl.o" -lwpi 
Info: Nothing to build for AutonChooser
15:15:21 **** Incremental Build of configuration Debug for project AutonChooser ****
Info: Internal Builder is used for build
arm-frc-linux-gnueabi-g++ -std=c++1y "-IC:\\Users\\1750800311/wpilib/cpp/current/include" "-IC:\\Users\\1750800311\\Documents\\FRC Robotics Code\\2016-Official-Chong\\2016_official\\AutonChooser\\src" -O0 -g3 -Wall -c -fmessage-length=0 -std=c++14 -o "src\\Auto.o" "..\\src\\Auto.cpp" 
arm-frc-linux-gnueabi-g++ "-LC:\\Users\\1750800311/wpilib/cpp/current/lib" -Wl,-rpath,/opt/GenICam_v2_3/bin/Linux_armv7-a,-rpath,/usr/local/frc/rpath-lib -o FRCUserProgram "src\\Auto.o" "src\\Robot.o" -lwpi 
